#
# There is insufficient memory for the Java Runtime Environment to continue.
# Native memory allocation (malloc) failed to allocate 2800976 bytes for Chunk::new
# Possible reasons:
#   The system is out of physical RAM or swap space
#   The process is running with CompressedOops enabled, and the Java Heap may be blocking the growth of the native heap
# Possible solutions:
#   Reduce memory load on the system
#   Increase physical memory or swap space
#   Check if swap backing store is full
#   Decrease Java heap size (-Xmx/-Xms)
#   Decrease number of Java threads
#   Decrease Java thread stack sizes (-Xss)
#   Set larger code cache with -XX:ReservedCodeCacheSize=
#   JVM is running with Unscaled Compressed Oops mode in which the Java heap is
#     placed in the first 4GB address space. The Java Heap base address is the
#     maximum limit for the native heap growth. Please use -XX:HeapBaseMinAddress
#     to set the Java Heap base and to place the Java Heap above 4GB virtual address.
# This output file may be truncated or incomplete.
#
#  Out of Memory Error (./src/hotspot/share/memory/arena.cpp:197), pid=7236, tid=8500
#
# JRE version: OpenJDK Runtime Environment (11.0.8+10) (build 11.0.8+10-b944.6842174)
# Java VM: OpenJDK 64-Bit Server VM (11.0.8+10-b944.6842174, mixed mode, tiered, compressed oops, g1 gc, windows-amd64)
# No core dump will be written. Minidumps are not enabled by default on client versions of Windows
#

---------------  S U M M A R Y ------------

Command Line: org.jetbrains.kotlin.cli.jvm.K2JVMCompiler @D:\Development\GitHub\MVVM kotlin\TheMovie\app\build\20210914_669036442269272906.compiler.options

Host: Intel(R) Core(TM) i5-5200U CPU @ 2.20GHz, 4 cores, 7G,  Windows 10 , 64 bit Build 19041 (10.0.19041.1151)
Time: Tue Sep 14 16:39:36 2021 Hora oficial do Brasil elapsed time: 5 seconds (0d 0h 0m 5s)

---------------  T H R E A D  ---------------

Current thread (0x00000275a64d3000):  JavaThread "C2 CompilerThread1" daemon [_thread_in_native, id=8500, stack(0x000000c83c100000,0x000000c83c200000)]


Current CompileTask:
C2:   5938 3075       4       jdk.internal.loader.ClassLoaders$AppClassLoader::loadClass (40 bytes)

Stack: [0x000000c83c100000,0x000000c83c200000]
Native frames: (J=compiled Java code, j=interpreted, Vv=VM code, C=native code)
V  [jvm.dll+0x5de50a]
V  [jvm.dll+0x7122f5]
V  [jvm.dll+0x71384d]
V  [jvm.dll+0x713f03]
V  [jvm.dll+0x23e728]
V  [jvm.dll+0xb899c]
V  [jvm.dll+0xb8e9c]
V  [jvm.dll+0x35024d]
V  [jvm.dll+0x193ebc]
V  [jvm.dll+0x1f780e]
V  [jvm.dll+0x1f68d4]
V  [jvm.dll+0x17f32c]
V  [jvm.dll+0x205047]
V  [jvm.dll+0x203891]
V  [jvm.dll+0x6dad3f]
V  [jvm.dll+0x6d3895]
V  [jvm.dll+0x5dd4a6]
C  [ucrtbase.dll+0x21bb2]
C  [KERNEL32.DLL+0x17034]
C  [ntdll.dll+0x52651]


---------------  P R O C E S S  ---------------

Threads class SMR info:
_java_thread_list=0x00000275a648eac0, length=11, elements={
0x000002758b84a800, 0x00000275a5993000, 0x00000275a599f000, 0x00000275a59af800,
0x00000275a59b0800, 0x00000275a59b2000, 0x00000275a59c3000, 0x00000275a59cd800,
0x00000275a6488000, 0x00000275a6495800, 0x00000275a64d3000
}

Java Threads: ( => current thread )
  0x000002758b84a800 JavaThread "main" [_thread_in_vm, id=8588, stack(0x000000c83b000000,0x000000c83b100000)]
  0x00000275a5993000 JavaThread "Reference Handler" daemon [_thread_blocked, id=1544, stack(0x000000c83b700000,0x000000c83b800000)]
  0x00000275a599f000 JavaThread "Finalizer" daemon [_thread_blocked, id=8876, stack(0x000000c83b800000,0x000000c83b900000)]
  0x00000275a59af800 JavaThread "Signal Dispatcher" daemon [_thread_blocked, id=8676, stack(0x000000c83b900000,0x000000c83ba00000)]
  0x00000275a59b0800 JavaThread "Attach Listener" daemon [_thread_blocked, id=1228, stack(0x000000c83ba00000,0x000000c83bb00000)]
  0x00000275a59b2000 JavaThread "C2 CompilerThread0" daemon [_thread_in_native, id=8112, stack(0x000000c83bb00000,0x000000c83bc00000)]
  0x00000275a59c3000 JavaThread "C1 CompilerThread0" daemon [_thread_blocked, id=6600, stack(0x000000c83bc00000,0x000000c83bd00000)]
  0x00000275a59cd800 JavaThread "Sweeper thread" daemon [_thread_blocked, id=2920, stack(0x000000c83bd00000,0x000000c83be00000)]
  0x00000275a6488000 JavaThread "Service Thread" daemon [_thread_blocked, id=3824, stack(0x000000c83be00000,0x000000c83bf00000)]
  0x00000275a6495800 JavaThread "Common-Cleaner" daemon [_thread_blocked, id=4796, stack(0x000000c83c000000,0x000000c83c100000)]
=>0x00000275a64d3000 JavaThread "C2 CompilerThread1" daemon [_thread_in_native, id=8500, stack(0x000000c83c100000,0x000000c83c200000)]

Other Threads:
  0x00000275a596f800 VMThread "VM Thread" [stack: 0x000000c83b600000,0x000000c83b700000] [id=2672]
  0x00000275a6488800 WatcherThread [stack: 0x000000c83bf00000,0x000000c83c000000] [id=9012]
  0x000002758b863800 GCTaskThread "GC Thread#0" [stack: 0x000000c83b100000,0x000000c83b200000] [id=9172]
  0x00000275a68a7000 GCTaskThread "GC Thread#1" [stack: 0x000000c83c200000,0x000000c83c300000] [id=7916]
  0x00000275a68a7800 GCTaskThread "GC Thread#2" [stack: 0x000000c83c300000,0x000000c83c400000] [id=7616]
  0x000002758b892800 ConcurrentGCThread "G1 Main Marker" [stack: 0x000000c83b200000,0x000000c83b300000] [id=6896]
  0x000002758b894000 ConcurrentGCThread "G1 Conc#0" [stack: 0x000000c83b300000,0x000000c83b400000] [id=8380]
  0x000002758b929800 ConcurrentGCThread "G1 Refine#0" [stack: 0x000000c83b400000,0x000000c83b500000] [id=5728]
  0x000002758b92a800 ConcurrentGCThread "G1 Young RemSet Sampling" [stack: 0x000000c83b500000,0x000000c83b600000] [id=388]

Threads with active compile tasks:
C2 CompilerThread0   5977 3032       4       java.lang.ClassLoader::loadClass (7 bytes)
C2 CompilerThread1   5977 3075       4       jdk.internal.loader.ClassLoaders$AppClassLoader::loadClass (40 bytes)

VM state:not at safepoint (normal execution)

VM Mutex/Monitor currently owned by a thread: None

Heap address: 0x0000000081400000, size: 2028 MB, Compressed Oops mode: 32-bit
Narrow klass base: 0x0000000000000000, Narrow klass shift: 3
Compressed class space size: 1073741824 Address: 0x0000000100000000

Heap:
 garbage-first heap   total 131072K, used 74232K [0x0000000081400000, 0x0000000100000000)
  region size 1024K, 50 young (51200K), 2 survivors (2048K)
 Metaspace       used 45110K, capacity 45699K, committed 46032K, reserved 1089536K
  class space    used 5307K, capacity 5522K, committed 5632K, reserved 1048576K
Heap Regions: E=young(eden), S=young(survivor), O=old, HS=humongous(starts), HC=humongous(continues), CS=collection set, F=free, A=archive, TAMS=top-at-mark-start (previous, next)
|   0|0x0000000081400000, 0x0000000081500000, 0x0000000081500000|100%|HS|  |TAMS 0x0000000081500000, 0x0000000081400000| Complete 
|   1|0x0000000081500000, 0x0000000081600000, 0x0000000081600000|100%|HC|  |TAMS 0x0000000081600000, 0x0000000081500000| Complete 
|   2|0x0000000081600000, 0x0000000081700000, 0x0000000081700000|100%|HC|  |TAMS 0x0000000081700000, 0x0000000081600000| Complete 
|   3|0x0000000081700000, 0x0000000081800000, 0x0000000081800000|100%| O|  |TAMS 0x0000000081800000, 0x0000000081700000| Untracked 
|   4|0x0000000081800000, 0x0000000081900000, 0x0000000081900000|100%| O|  |TAMS 0x0000000081900000, 0x0000000081800000| Untracked 
|   5|0x0000000081900000, 0x0000000081a00000, 0x0000000081a00000|100%|HS|  |TAMS 0x0000000081a00000, 0x0000000081900000| Complete 
|   6|0x0000000081a00000, 0x0000000081b00000, 0x0000000081b00000|100%|HC|  |TAMS 0x0000000081b00000, 0x0000000081a00000| Complete 
|   7|0x0000000081b00000, 0x0000000081c00000, 0x0000000081c00000|100%|HC|  |TAMS 0x0000000081c00000, 0x0000000081b00000| Complete 
|   8|0x0000000081c00000, 0x0000000081d00000, 0x0000000081d00000|100%|HS|  |TAMS 0x0000000081d00000, 0x0000000081c00000| Complete 
|   9|0x0000000081d00000, 0x0000000081e00000, 0x0000000081e00000|100%|HC|  |TAMS 0x0000000081e00000, 0x0000000081d00000| Complete 
|  10|0x0000000081e00000, 0x0000000081f00000, 0x0000000081f00000|100%|HC|  |TAMS 0x0000000081f00000, 0x0000000081e00000| Complete 
|  11|0x0000000081f00000, 0x0000000081f00000, 0x0000000082000000|  0%| F|  |TAMS 0x0000000081f00000, 0x0000000081f00000| Untracked 
|  12|0x0000000082000000, 0x0000000082000000, 0x0000000082100000|  0%| F|  |TAMS 0x0000000082000000, 0x0000000082000000| Untracked 
|  13|0x0000000082100000, 0x0000000082200000, 0x0000000082200000|100%| O|  |TAMS 0x0000000082200000, 0x0000000082100000| Untracked 
|  14|0x0000000082200000, 0x0000000082300000, 0x0000000082300000|100%| O|  |TAMS 0x0000000082300000, 0x0000000082200000| Untracked 
|  15|0x0000000082300000, 0x0000000082400000, 0x0000000082400000|100%| O|  |TAMS 0x0000000082400000, 0x0000000082300000| Untracked 
|  16|0x0000000082400000, 0x0000000082500000, 0x0000000082500000|100%| O|  |TAMS 0x0000000082500000, 0x0000000082400000| Untracked 
|  17|0x0000000082500000, 0x0000000082600000, 0x0000000082600000|100%| O|  |TAMS 0x0000000082600000, 0x0000000082500000| Untracked 
|  18|0x0000000082600000, 0x0000000082700000, 0x0000000082700000|100%|HS|  |TAMS 0x0000000082700000, 0x0000000082600000| Complete 
|  19|0x0000000082700000, 0x0000000082800000, 0x0000000082800000|100%|HC|  |TAMS 0x0000000082800000, 0x0000000082700000| Complete 
|  20|0x0000000082800000, 0x0000000082900000, 0x0000000082900000|100%| O|  |TAMS 0x0000000082900000, 0x0000000082800000| Untracked 
|  21|0x0000000082900000, 0x0000000082a00000, 0x0000000082a00000|100%| O|  |TAMS 0x0000000082a00000, 0x0000000082900000| Untracked 
|  22|0x0000000082a00000, 0x0000000082b00000, 0x0000000082b00000|100%| O|  |TAMS 0x0000000082b00000, 0x0000000082a00000| Untracked 
|  23|0x0000000082b00000, 0x0000000082c00000, 0x0000000082c00000|100%| O|  |TAMS 0x0000000082c00000, 0x0000000082b00000| Untracked 
|  24|0x0000000082c00000, 0x0000000082d00000, 0x0000000082d00000|100%| O|  |TAMS 0x0000000082d00000, 0x0000000082c00000| Untracked 
|  25|0x0000000082d00000, 0x0000000082dbe800, 0x0000000082e00000| 74%| O|  |TAMS 0x0000000082dbe800, 0x0000000082d00000| Untracked 
|  26|0x0000000082e00000, 0x0000000082e00000, 0x0000000082f00000|  0%| F|  |TAMS 0x0000000082e00000, 0x0000000082e00000| Untracked 
|  27|0x0000000082f00000, 0x0000000082f00000, 0x0000000083000000|  0%| F|  |TAMS 0x0000000082f00000, 0x0000000082f00000| Untracked 
|  28|0x0000000083000000, 0x0000000083000000, 0x0000000083100000|  0%| F|  |TAMS 0x0000000083000000, 0x0000000083000000| Untracked 
|  29|0x0000000083100000, 0x0000000083100000, 0x0000000083200000|  0%| F|  |TAMS 0x0000000083100000, 0x0000000083100000| Untracked 
|  30|0x0000000083200000, 0x0000000083200000, 0x0000000083300000|  0%| F|  |TAMS 0x0000000083200000, 0x0000000083200000| Untracked 
|  31|0x0000000083300000, 0x0000000083300000, 0x0000000083400000|  0%| F|  |TAMS 0x0000000083300000, 0x0000000083300000| Untracked 
|  32|0x0000000083400000, 0x0000000083400000, 0x0000000083500000|  0%| F|  |TAMS 0x0000000083400000, 0x0000000083400000| Untracked 
|  33|0x0000000083500000, 0x0000000083500000, 0x0000000083600000|  0%| F|  |TAMS 0x0000000083500000, 0x0000000083500000| Untracked 
|  34|0x0000000083600000, 0x0000000083600000, 0x0000000083700000|  0%| F|  |TAMS 0x0000000083600000, 0x0000000083600000| Untracked 
|  35|0x0000000083700000, 0x0000000083700000, 0x0000000083800000|  0%| F|  |TAMS 0x0000000083700000, 0x0000000083700000| Untracked 
|  36|0x0000000083800000, 0x0000000083800000, 0x0000000083900000|  0%| F|  |TAMS 0x0000000083800000, 0x0000000083800000| Untracked 
|  37|0x0000000083900000, 0x0000000083900000, 0x0000000083a00000|  0%| F|  |TAMS 0x0000000083900000, 0x0000000083900000| Untracked 
|  38|0x0000000083a00000, 0x0000000083a00000, 0x0000000083b00000|  0%| F|  |TAMS 0x0000000083a00000, 0x0000000083a00000| Untracked 
|  39|0x0000000083b00000, 0x0000000083b00000, 0x0000000083c00000|  0%| F|  |TAMS 0x0000000083b00000, 0x0000000083b00000| Untracked 
|  40|0x0000000083c00000, 0x0000000083c00000, 0x0000000083d00000|  0%| F|  |TAMS 0x0000000083c00000, 0x0000000083c00000| Untracked 
|  41|0x0000000083d00000, 0x0000000083d00000, 0x0000000083e00000|  0%| F|  |TAMS 0x0000000083d00000, 0x0000000083d00000| Untracked 
|  42|0x0000000083e00000, 0x0000000083e00000, 0x0000000083f00000|  0%| F|  |TAMS 0x0000000083e00000, 0x0000000083e00000| Untracked 
|  43|0x0000000083f00000, 0x0000000083f00000, 0x0000000084000000|  0%| F|  |TAMS 0x0000000083f00000, 0x0000000083f00000| Untracked 
|  44|0x0000000084000000, 0x0000000084000000, 0x0000000084100000|  0%| F|  |TAMS 0x0000000084000000, 0x0000000084000000| Untracked 
|  45|0x0000000084100000, 0x0000000084100000, 0x0000000084200000|  0%| F|  |TAMS 0x0000000084100000, 0x0000000084100000| Untracked 
|  46|0x0000000084200000, 0x0000000084200000, 0x0000000084300000|  0%| F|  |TAMS 0x0000000084200000, 0x0000000084200000| Untracked 
|  47|0x0000000084300000, 0x0000000084300000, 0x0000000084400000|  0%| F|  |TAMS 0x0000000084300000, 0x0000000084300000| Untracked 
|  48|0x0000000084400000, 0x0000000084400000, 0x0000000084500000|  0%| F|  |TAMS 0x0000000084400000, 0x0000000084400000| Untracked 
|  49|0x0000000084500000, 0x0000000084500000, 0x0000000084600000|  0%| F|  |TAMS 0x0000000084500000, 0x0000000084500000| Untracked 
|  50|0x0000000084600000, 0x0000000084600000, 0x0000000084700000|  0%| F|  |TAMS 0x0000000084600000, 0x0000000084600000| Untracked 
|  51|0x0000000084700000, 0x0000000084700000, 0x0000000084800000|  0%| F|  |TAMS 0x0000000084700000, 0x0000000084700000| Untracked 
|  52|0x0000000084800000, 0x0000000084800000, 0x0000000084900000|  0%| F|  |TAMS 0x0000000084800000, 0x0000000084800000| Untracked 
|  53|0x0000000084900000, 0x0000000084900000, 0x0000000084a00000|  0%| F|  |TAMS 0x0000000084900000, 0x0000000084900000| Untracked 
|  54|0x0000000084a00000, 0x0000000084a00000, 0x0000000084b00000|  0%| F|  |TAMS 0x0000000084a00000, 0x0000000084a00000| Untracked 
|  55|0x0000000084b00000, 0x0000000084b00000, 0x0000000084c00000|  0%| F|  |TAMS 0x0000000084b00000, 0x0000000084b00000| Untracked 
|  56|0x0000000084c00000, 0x0000000084c00000, 0x0000000084d00000|  0%| F|  |TAMS 0x0000000084c00000, 0x0000000084c00000| Untracked 
|  57|0x0000000084d00000, 0x0000000084d00000, 0x0000000084e00000|  0%| F|  |TAMS 0x0000000084d00000, 0x0000000084d00000| Untracked 
|  58|0x0000000084e00000, 0x0000000084e00000, 0x0000000084f00000|  0%| F|  |TAMS 0x0000000084e00000, 0x0000000084e00000| Untracked 
|  59|0x0000000084f00000, 0x0000000084f00000, 0x0000000085000000|  0%| F|  |TAMS 0x0000000084f00000, 0x0000000084f00000| Untracked 
|  60|0x0000000085000000, 0x0000000085000000, 0x0000000085100000|  0%| F|  |TAMS 0x0000000085000000, 0x0000000085000000| Untracked 
|  61|0x0000000085100000, 0x0000000085100000, 0x0000000085200000|  0%| F|  |TAMS 0x0000000085100000, 0x0000000085100000| Untracked 
|  62|0x0000000085200000, 0x0000000085200000, 0x0000000085300000|  0%| F|  |TAMS 0x0000000085200000, 0x0000000085200000| Untracked 
|  63|0x0000000085300000, 0x0000000085300000, 0x0000000085400000|  0%| F|  |TAMS 0x0000000085300000, 0x0000000085300000| Untracked 
|  64|0x0000000085400000, 0x0000000085400000, 0x0000000085500000|  0%| F|  |TAMS 0x0000000085400000, 0x0000000085400000| Untracked 
|  65|0x0000000085500000, 0x0000000085500000, 0x0000000085600000|  0%| F|  |TAMS 0x0000000085500000, 0x0000000085500000| Untracked 
|  66|0x0000000085600000, 0x0000000085600000, 0x0000000085700000|  0%| F|  |TAMS 0x0000000085600000, 0x0000000085600000| Untracked 
|  67|0x0000000085700000, 0x0000000085700000, 0x0000000085800000|  0%| F|  |TAMS 0x0000000085700000, 0x0000000085700000| Untracked 
|  68|0x0000000085800000, 0x0000000085800000, 0x0000000085900000|  0%| F|  |TAMS 0x0000000085800000, 0x0000000085800000| Untracked 
|  69|0x0000000085900000, 0x0000000085900000, 0x0000000085a00000|  0%| F|  |TAMS 0x0000000085900000, 0x0000000085900000| Untracked 
|  70|0x0000000085a00000, 0x0000000085a00000, 0x0000000085b00000|  0%| F|  |TAMS 0x0000000085a00000, 0x0000000085a00000| Untracked 
|  71|0x0000000085b00000, 0x0000000085b00000, 0x0000000085c00000|  0%| F|  |TAMS 0x0000000085b00000, 0x0000000085b00000| Untracked 
|  72|0x0000000085c00000, 0x0000000085c00000, 0x0000000085d00000|  0%| F|  |TAMS 0x0000000085c00000, 0x0000000085c00000| Untracked 
|  73|0x0000000085d00000, 0x0000000085d00000, 0x0000000085e00000|  0%| F|  |TAMS 0x0000000085d00000, 0x0000000085d00000| Untracked 
|  74|0x0000000085e00000, 0x0000000085e00000, 0x0000000085f00000|  0%| F|  |TAMS 0x0000000085e00000, 0x0000000085e00000| Untracked 
|  75|0x0000000085f00000, 0x0000000085f00000, 0x0000000086000000|  0%| F|  |TAMS 0x0000000085f00000, 0x0000000085f00000| Untracked 
|  76|0x0000000086000000, 0x0000000086000000, 0x0000000086100000|  0%| F|  |TAMS 0x0000000086000000, 0x0000000086000000| Untracked 
|  77|0x0000000086100000, 0x0000000086100000, 0x0000000086200000|  0%| F|  |TAMS 0x0000000086100000, 0x0000000086100000| Untracked 
|  78|0x0000000086200000, 0x0000000086300000, 0x0000000086300000|100%| E|  |TAMS 0x0000000086200000, 0x0000000086200000| Complete 
|  79|0x0000000086300000, 0x0000000086400000, 0x0000000086400000|100%| E|CS|TAMS 0x0000000086300000, 0x0000000086300000| Complete 
|  80|0x0000000086400000, 0x0000000086500000, 0x0000000086500000|100%| E|CS|TAMS 0x0000000086400000, 0x0000000086400000| Complete 
|  81|0x0000000086500000, 0x0000000086600000, 0x0000000086600000|100%| E|CS|TAMS 0x0000000086500000, 0x0000000086500000| Complete 
|  82|0x0000000086600000, 0x0000000086700000, 0x0000000086700000|100%| E|CS|TAMS 0x0000000086600000, 0x0000000086600000| Complete 
|  83|0x0000000086700000, 0x0000000086800000, 0x0000000086800000|100%| E|CS|TAMS 0x0000000086700000, 0x0000000086700000| Complete 
|  84|0x0000000086800000, 0x0000000086900000, 0x0000000086900000|100%| E|CS|TAMS 0x0000000086800000, 0x0000000086800000| Complete 
|  85|0x0000000086900000, 0x0000000086a00000, 0x0000000086a00000|100%| E|CS|TAMS 0x0000000086900000, 0x0000000086900000| Complete 
|  86|0x0000000086a00000, 0x0000000086b00000, 0x0000000086b00000|100%| E|CS|TAMS 0x0000000086a00000, 0x0000000086a00000| Complete 
|  87|0x0000000086b00000, 0x0000000086c00000, 0x0000000086c00000|100%| E|CS|TAMS 0x0000000086b00000, 0x0000000086b00000| Complete 
|  88|0x0000000086c00000, 0x0000000086d00000, 0x0000000086d00000|100%| E|CS|TAMS 0x0000000086c00000, 0x0000000086c00000| Complete 
|  89|0x0000000086d00000, 0x0000000086e00000, 0x0000000086e00000|100%| E|CS|TAMS 0x0000000086d00000, 0x0000000086d00000| Complete 
|  90|0x0000000086e00000, 0x0000000086f00000, 0x0000000086f00000|100%| E|CS|TAMS 0x0000000086e00000, 0x0000000086e00000| Complete 
|  91|0x0000000086f00000, 0x0000000087000000, 0x0000000087000000|100%| E|CS|TAMS 0x0000000086f00000, 0x0000000086f00000| Complete 
|  92|0x0000000087000000, 0x0000000087100000, 0x0000000087100000|100%| E|CS|TAMS 0x0000000087000000, 0x0000000087000000| Complete 
|  93|0x0000000087100000, 0x0000000087200000, 0x0000000087200000|100%| E|CS|TAMS 0x0000000087100000, 0x0000000087100000| Complete 
|  94|0x0000000087200000, 0x0000000087300000, 0x0000000087300000|100%| E|CS|TAMS 0x0000000087200000, 0x0000000087200000| Complete 
|  95|0x0000000087300000, 0x0000000087400000, 0x0000000087400000|100%| E|CS|TAMS 0x0000000087300000, 0x0000000087300000| Complete 
|  96|0x0000000087400000, 0x0000000087500000, 0x0000000087500000|100%| E|CS|TAMS 0x0000000087400000, 0x0000000087400000| Complete 
|  97|0x0000000087500000, 0x0000000087600000, 0x0000000087600000|100%| E|CS|TAMS 0x0000000087500000, 0x0000000087500000| Complete 
|  98|0x0000000087600000, 0x0000000087700000, 0x0000000087700000|100%| E|CS|TAMS 0x0000000087600000, 0x0000000087600000| Complete 
|  99|0x0000000087700000, 0x0000000087800000, 0x0000000087800000|100%| E|CS|TAMS 0x0000000087700000, 0x0000000087700000| Complete 
| 100|0x0000000087800000, 0x0000000087900000, 0x0000000087900000|100%| E|CS|TAMS 0x0000000087800000, 0x0000000087800000| Complete 
| 101|0x0000000087900000, 0x0000000087a00000, 0x0000000087a00000|100%| E|CS|TAMS 0x0000000087900000, 0x0000000087900000| Complete 
| 102|0x0000000087a00000, 0x0000000087b00000, 0x0000000087b00000|100%| E|CS|TAMS 0x0000000087a00000, 0x0000000087a00000| Complete 
| 103|0x0000000087b00000, 0x0000000087c00000, 0x0000000087c00000|100%| E|CS|TAMS 0x0000000087b00000, 0x0000000087b00000| Complete 
| 104|0x0000000087c00000, 0x0000000087d00000, 0x0000000087d00000|100%| E|CS|TAMS 0x0000000087c00000, 0x0000000087c00000| Complete 
| 105|0x0000000087d00000, 0x0000000087e00000, 0x0000000087e00000|100%| E|CS|TAMS 0x0000000087d00000, 0x0000000087d00000| Complete 
| 106|0x0000000087e00000, 0x0000000087f00000, 0x0000000087f00000|100%| E|CS|TAMS 0x0000000087e00000, 0x0000000087e00000| Complete 
| 107|0x0000000087f00000, 0x0000000087fbf990, 0x0000000088000000| 74%| S|CS|TAMS 0x0000000087f00000, 0x0000000087f00000| Complete 
| 108|0x0000000088000000, 0x0000000088100000, 0x0000000088100000|100%| S|CS|TAMS 0x0000000088000000, 0x0000000088000000| Complete 
| 109|0x0000000088100000, 0x0000000088200000, 0x0000000088200000|100%| E|CS|TAMS 0x0000000088100000, 0x0000000088100000| Complete 
| 110|0x0000000088200000, 0x0000000088300000, 0x0000000088300000|100%| E|CS|TAMS 0x0000000088200000, 0x0000000088200000| Complete 
| 111|0x0000000088300000, 0x0000000088400000, 0x0000000088400000|100%| E|CS|TAMS 0x0000000088300000, 0x0000000088300000| Complete 
| 112|0x0000000088400000, 0x0000000088500000, 0x0000000088500000|100%| E|CS|TAMS 0x0000000088400000, 0x0000000088400000| Complete 
| 113|0x0000000088500000, 0x0000000088600000, 0x0000000088600000|100%| E|CS|TAMS 0x0000000088500000, 0x0000000088500000| Complete 
| 114|0x0000000088600000, 0x0000000088700000, 0x0000000088700000|100%| E|CS|TAMS 0x0000000088600000, 0x0000000088600000| Complete 
| 115|0x0000000088700000, 0x0000000088800000, 0x0000000088800000|100%| E|CS|TAMS 0x0000000088700000, 0x0000000088700000| Complete 
| 116|0x0000000088800000, 0x0000000088900000, 0x0000000088900000|100%| E|CS|TAMS 0x0000000088800000, 0x0000000088800000| Complete 
| 117|0x0000000088900000, 0x0000000088a00000, 0x0000000088a00000|100%| E|CS|TAMS 0x0000000088900000, 0x0000000088900000| Complete 
| 118|0x0000000088a00000, 0x0000000088b00000, 0x0000000088b00000|100%| E|CS|TAMS 0x0000000088a00000, 0x0000000088a00000| Complete 
| 119|0x0000000088b00000, 0x0000000088c00000, 0x0000000088c00000|100%| E|CS|TAMS 0x0000000088b00000, 0x0000000088b00000| Complete 
| 120|0x0000000088c00000, 0x0000000088d00000, 0x0000000088d00000|100%| E|CS|TAMS 0x0000000088c00000, 0x0000000088c00000| Complete 
| 121|0x0000000088d00000, 0x0000000088e00000, 0x0000000088e00000|100%| E|CS|TAMS 0x0000000088d00000, 0x0000000088d00000| Complete 
| 122|0x0000000088e00000, 0x0000000088f00000, 0x0000000088f00000|100%| E|CS|TAMS 0x0000000088e00000, 0x0000000088e00000| Complete 
| 123|0x0000000088f00000, 0x0000000089000000, 0x0000000089000000|100%| E|CS|TAMS 0x0000000088f00000, 0x0000000088f00000| Complete 
| 124|0x0000000089000000, 0x0000000089100000, 0x0000000089100000|100%| E|CS|TAMS 0x0000000089000000, 0x0000000089000000| Complete 
| 125|0x0000000089100000, 0x0000000089200000, 0x0000000089200000|100%| E|CS|TAMS 0x0000000089100000, 0x0000000089100000| Complete 
| 126|0x0000000089200000, 0x0000000089300000, 0x0000000089300000|100%| E|CS|TAMS 0x0000000089200000, 0x0000000089200000| Complete 
| 127|0x0000000089300000, 0x0000000089400000, 0x0000000089400000|100%| E|CS|TAMS 0x0000000089300000, 0x0000000089300000| Complete 

Card table byte_map: [0x000002759ebf0000,0x000002759eff0000] _byte_map_base: 0x000002759e7e6000

Marking Bits (Prev, Next): (CMBitMap*) 0x000002758b889f08, (CMBitMap*) 0x000002758b889f40
 Prev Bits: [0x000002759f3f0000, 0x00000275a13a0000)
 Next Bits: [0x00000275a13a0000, 0x00000275a3350000)

Polling page: 0x0000027589f10000

Metaspace:

Usage:
  Non-class:     39.24 MB capacity,    38.87 MB (>99%) used,   308.67 KB ( <1%) free+waste,    64.94 KB ( <1%) overhead. 
      Class:      5.39 MB capacity,     5.18 MB ( 96%) used,   187.31 KB (  3%) free+waste,    27.63 KB ( <1%) overhead. 
       Both:     44.63 MB capacity,    44.05 MB ( 99%) used,   495.98 KB (  1%) free+waste,    92.56 KB ( <1%) overhead. 

Virtual space:
  Non-class space:       40.00 MB reserved,      39.45 MB ( 99%) committed 
      Class space:        1.00 GB reserved,       5.50 MB ( <1%) committed 
             Both:        1.04 GB reserved,      44.95 MB (  4%) committed 

Chunk freelists:
   Non-Class:  31.00 KB
       Class:  14.00 KB
        Both:  45.00 KB

MaxMetaspaceSize: 17179869184.00 GB
CompressedClassSpaceSize: 1.00 GB

CodeHeap 'non-profiled nmethods': size=120064Kb used=1289Kb max_used=1289Kb free=118775Kb
 bounds [0x0000027596c90000, 0x0000027596f00000, 0x000002759e1d0000]
CodeHeap 'profiled nmethods': size=120000Kb used=6704Kb max_used=6704Kb free=113295Kb
 bounds [0x000002758f760000, 0x000002758fdf0000, 0x0000027596c90000]
CodeHeap 'non-nmethods': size=5696Kb used=1186Kb max_used=1232Kb free=4509Kb
 bounds [0x000002758f1d0000, 0x000002758f440000, 0x000002758f760000]
 total_blobs=3911 nmethods=3371 adapters=450
 compilation: enabled
              stopped_count=0, restarted_count=0
 full_count=0

Compilation events (20 events):
Event: 5.828 Thread 0x00000275a59c3000 nmethod 3385 0x000002758fdd1010 code [0x000002758fdd11c0, 0x000002758fdd1348]
Event: 5.828 Thread 0x00000275a59c3000 3386       2       gnu.trove.THashMap::<init> (5 bytes)
Event: 5.828 Thread 0x00000275a59c3000 nmethod 3386 0x000002758fdd1410 code [0x000002758fdd15e0, 0x000002758fdd1768]
Event: 5.892 Thread 0x00000275a59c3000 3387       2       org.jetbrains.kotlin.storage.LockBasedStorageManager::createNullableLazyValue (19 bytes)
Event: 5.892 Thread 0x00000275a59c3000 nmethod 3387 0x000002758fdd1810 code [0x000002758fdd19e0, 0x000002758fdd1b98]
Event: 5.897 Thread 0x00000275a59c3000 3389       2       org.jetbrains.kotlin.storage.LockBasedStorageManager::createConcurrentHashMap (11 bytes)
Event: 5.897 Thread 0x00000275a59c3000 nmethod 3389 0x000002758fdd1c90 code [0x000002758fdd1e60, 0x000002758fdd1fe8]
Event: 5.897 Thread 0x00000275a59c3000 3391       2       org.jetbrains.kotlin.storage.LockBasedStorageManager$MapBasedMemoizedFunction::<init> (44 bytes)
Event: 5.897 Thread 0x00000275a59c3000 nmethod 3391 0x000002758fdd2090 code [0x000002758fdd2260, 0x000002758fdd2528]
Event: 5.897 Thread 0x00000275a59c3000 3388       2       org.jetbrains.kotlin.storage.LockBasedStorageManager::createMemoizedFunctionWithNullableValues (27 bytes)
Event: 5.898 Thread 0x00000275a59c3000 nmethod 3388 0x000002758fdd2610 code [0x000002758fdd2820, 0x000002758fdd2ab8]
Event: 5.898 Thread 0x00000275a59c3000 3390       2       org.jetbrains.kotlin.storage.LockBasedStorageManager::createMemoizedFunctionWithNullableValues (29 bytes)
Event: 5.898 Thread 0x00000275a59c3000 nmethod 3390 0x000002758fdd2c10 code [0x000002758fdd2de0, 0x000002758fdd2fc8]
Event: 5.901 Thread 0x00000275a59c3000 3392       2       org.jetbrains.kotlin.metadata.ProtoBuf$QualifiedNameTable$QualifiedName$Kind::valueOf (42 bytes)
Event: 5.901 Thread 0x00000275a59c3000 nmethod 3392 0x000002758fdd3110 code [0x000002758fdd32c0, 0x000002758fdd3418]
Event: 5.902 Thread 0x00000275a59c3000 3393       2       org.jetbrains.kotlin.metadata.ProtoBuf$Type$Argument::initFields (20 bytes)
Event: 5.902 Thread 0x00000275a59c3000 nmethod 3393 0x000002758fdd3490 code [0x000002758fdd3640, 0x000002758fdd3818]
Event: 5.902 Thread 0x00000275a59c3000 3394       2       org.jetbrains.kotlin.metadata.ProtoBuf$Type$Argument$1::parsePartialFrom (7 bytes)
Event: 5.903 Thread 0x00000275a59c3000 nmethod 3394 0x000002758fdd3890 code [0x000002758fdd3a40, 0x000002758fdd3bc8]
Event: 5.903 Thread 0x00000275a59c3000 3397   !   2       org.jetbrains.kotlin.metadata.ProtoBuf$Class::<init> (2097 bytes)

GC Heap History (8 events):
Event: 0.630 GC heap before
{Heap before GC invocations=0 (full 0):
 garbage-first heap   total 131072K, used 17408K [0x0000000081400000, 0x0000000100000000)
  region size 1024K, 14 young (14336K), 0 survivors (0K)
 Metaspace       used 9777K, capacity 9871K, committed 10112K, reserved 1058816K
  class space    used 834K, capacity 884K, committed 896K, reserved 1048576K
}
Event: 0.634 GC heap after
{Heap after GC invocations=1 (full 0):
 garbage-first heap   total 131072K, used 5164K [0x0000000081400000, 0x0000000100000000)
  region size 1024K, 2 young (2048K), 2 survivors (2048K)
 Metaspace       used 9777K, capacity 9871K, committed 10112K, reserved 1058816K
  class space    used 834K, capacity 884K, committed 896K, reserved 1048576K
}
Event: 1.949 GC heap before
{Heap before GC invocations=1 (full 0):
 garbage-first heap   total 131072K, used 51244K [0x0000000081400000, 0x0000000100000000)
  region size 1024K, 48 young (49152K), 2 survivors (2048K)
 Metaspace       used 20985K, capacity 21184K, committed 21248K, reserved 1069056K
  class space    used 2207K, capacity 2291K, committed 2304K, reserved 1048576K
}
Event: 1.966 GC heap after
{Heap after GC invocations=2 (full 0):
 garbage-first heap   total 131072K, used 9488K [0x0000000081400000, 0x0000000100000000)
  region size 1024K, 7 young (7168K), 7 survivors (7168K)
 Metaspace       used 20985K, capacity 21184K, committed 21248K, reserved 1069056K
  class space    used 2207K, capacity 2291K, committed 2304K, reserved 1048576K
}
Event: 3.462 GC heap before
{Heap before GC invocations=3 (full 0):
 garbage-first heap   total 131072K, used 66832K [0x0000000081400000, 0x0000000100000000)
  region size 1024K, 55 young (56320K), 7 survivors (7168K)
 Metaspace       used 30973K, capacity 31382K, committed 31484K, reserved 1077248K
  class space    used 3651K, capacity 3809K, committed 3840K, reserved 1048576K
}
Event: 3.489 GC heap after
{Heap after GC invocations=4 (full 0):
 garbage-first heap   total 131072K, used 22396K [0x0000000081400000, 0x0000000100000000)
  region size 1024K, 7 young (7168K), 7 survivors (7168K)
 Metaspace       used 30973K, capacity 31382K, committed 31484K, reserved 1077248K
  class space    used 3651K, capacity 3809K, committed 3840K, reserved 1048576K
}
Event: 4.106 GC heap before
{Heap before GC invocations=4 (full 0):
 garbage-first heap   total 131072K, used 44924K [0x0000000081400000, 0x0000000100000000)
  region size 1024K, 26 young (26624K), 7 survivors (7168K)
 Metaspace       used 35472K, capacity 35878K, committed 36048K, reserved 1081344K
  class space    used 4345K, capacity 4516K, committed 4608K, reserved 1048576K
}
Event: 4.120 GC heap after
{Heap after GC invocations=5 (full 0):
 garbage-first heap   total 131072K, used 26104K [0x0000000081400000, 0x0000000100000000)
  region size 1024K, 2 young (2048K), 2 survivors (2048K)
 Metaspace       used 35472K, capacity 35878K, committed 36048K, reserved 1081344K
  class space    used 4345K, capacity 4516K, committed 4608K, reserved 1048576K
}

Deoptimization events (20 events):
Event: 5.624 Thread 0x000002758b84a800 Uncommon trap: trap_request=0xffffffde fr.pc=0x0000027596d7407c relative=0x000000000000037c
Event: 5.624 Thread 0x000002758b84a800 Uncommon trap: reason=class_check action=maybe_recompile pc=0x0000027596d7407c method=gnu.trove.TObjectHash.index(Ljava/lang/Object;)I @ 22 c2
Event: 5.624 Thread 0x000002758b84a800 DEOPT PACKING pc=0x0000027596d7407c sp=0x000000c83b0fdd70
Event: 5.624 Thread 0x000002758b84a800 DEOPT UNPACKING pc=0x000002758f1f74af sp=0x000000c83b0fdc98 mode 2
Event: 5.694 Thread 0x000002758b84a800 Uncommon trap: trap_request=0xffffffde fr.pc=0x0000027596d7407c relative=0x000000000000037c
Event: 5.694 Thread 0x000002758b84a800 Uncommon trap: reason=class_check action=maybe_recompile pc=0x0000027596d7407c method=gnu.trove.TObjectHash.index(Ljava/lang/Object;)I @ 22 c2
Event: 5.694 Thread 0x000002758b84a800 DEOPT PACKING pc=0x0000027596d7407c sp=0x000000c83b0fdd70
Event: 5.694 Thread 0x000002758b84a800 DEOPT UNPACKING pc=0x000002758f1f74af sp=0x000000c83b0fdc98 mode 2
Event: 5.900 Thread 0x000002758b84a800 Uncommon trap: trap_request=0xffffffc6 fr.pc=0x0000027596d8726c relative=0x000000000000056c
Event: 5.900 Thread 0x000002758b84a800 Uncommon trap: reason=bimorphic_or_optimized_type_check action=maybe_recompile pc=0x0000027596d8726c method=org.jetbrains.kotlin.protobuf.CodedInputStream.tryRefillBuffer(I)Z @ 177 c2
Event: 5.900 Thread 0x000002758b84a800 DEOPT PACKING pc=0x0000027596d8726c sp=0x000000c83b0f9920
Event: 5.900 Thread 0x000002758b84a800 DEOPT UNPACKING pc=0x000002758f1f74af sp=0x000000c83b0f9808 mode 2
Event: 5.903 Thread 0x000002758b84a800 Uncommon trap: trap_request=0xffffffc6 fr.pc=0x0000027596d8726c relative=0x000000000000056c
Event: 5.903 Thread 0x000002758b84a800 Uncommon trap: reason=bimorphic_or_optimized_type_check action=maybe_recompile pc=0x0000027596d8726c method=org.jetbrains.kotlin.protobuf.CodedInputStream.tryRefillBuffer(I)Z @ 177 c2
Event: 5.903 Thread 0x000002758b84a800 DEOPT PACKING pc=0x0000027596d8726c sp=0x000000c83b0f9640
Event: 5.903 Thread 0x000002758b84a800 DEOPT UNPACKING pc=0x000002758f1f74af sp=0x000000c83b0f9528 mode 2
Event: 5.910 Thread 0x000002758b84a800 Uncommon trap: trap_request=0xffffffc6 fr.pc=0x0000027596d8726c relative=0x000000000000056c
Event: 5.910 Thread 0x000002758b84a800 Uncommon trap: reason=bimorphic_or_optimized_type_check action=maybe_recompile pc=0x0000027596d8726c method=org.jetbrains.kotlin.protobuf.CodedInputStream.tryRefillBuffer(I)Z @ 177 c2
Event: 5.910 Thread 0x000002758b84a800 DEOPT PACKING pc=0x0000027596d8726c sp=0x000000c83b0f9920
Event: 5.910 Thread 0x000002758b84a800 DEOPT UNPACKING pc=0x000002758f1f74af sp=0x000000c83b0f9808 mode 2

Classes redefined (0 events):
No events

Internal exceptions (20 events):
Event: 2.367 Thread 0x000002758b84a800 Exception <a 'java/lang/NoSuchMethodError'{0x0000000088796030}: 'java.lang.Object java.lang.invoke.DirectMethodHandle$Holder.invokeStatic(java.lang.Object, java.lang.Object, java.lang.Object, java.lang.Object, java.lang.Object, java.lang.Object, java.lang.Object, java.lang.Object, java.lang.Object, java.lang.Object, java.lang.Object, java.lang.Object, java.lang.Object, java.lang.Object, java.lang.Object)'> (0x0000000088796030) thrown at [./src/hotspot/share/interpreter/linkResolver.cpp, line 773]
Event: 2.372 Thread 0x000002758b84a800 Exception <a 'java/lang/NoSuchMethodError'{0x00000000887a4408}: 'java.lang.Object java.lang.invoke.DirectMethodHandle$Holder.invokeStatic(java.lang.Object, java.lang.Object, java.lang.Object, java.lang.Object, java.lang.Object, java.lang.Object, java.lang.Object, java.lang.Object, java.lang.Object, java.lang.Object, java.lang.Object, java.lang.Object, java.lang.Object, java.lang.Object, java.lang.Object, java.lang.Object)'> (0x00000000887a4408) thrown at [./src/hotspot/share/interpreter/linkResolver.cpp, l
Event: 2.375 Thread 0x000002758b84a800 Exception <a 'java/lang/NoSuchMethodError'{0x00000000887b2320}: 'java.lang.Object java.lang.invoke.DirectMethodHandle$Holder.invokeSpecial(java.lang.Object, java.lang.Object, int, int, java.lang.Object, java.lang.Object, java.lang.Object)'> (0x00000000887b2320) thrown at [./src/hotspot/share/interpreter/linkResolver.cpp, line 773]
Event: 2.375 Thread 0x000002758b84a800 Exception <a 'java/lang/NoSuchMethodError'{0x00000000887b5b58}: 'java.lang.Object java.lang.invoke.DelegatingMethodHandle$Holder.reinvoke_L(java.lang.Object, int, int, java.lang.Object, java.lang.Object, java.lang.Object)'> (0x00000000887b5b58) thrown at [./src/hotspot/share/interpreter/linkResolver.cpp, line 773]
Event: 2.376 Thread 0x000002758b84a800 Exception <a 'java/lang/NoSuchMethodError'{0x00000000887b9ee0}: 'java.lang.Object java.lang.invoke.DirectMethodHandle$Holder.invokeStatic(java.lang.Object, java.lang.Object, java.lang.Object, java.lang.Object, int)'> (0x00000000887b9ee0) thrown at [./src/hotspot/share/interpreter/linkResolver.cpp, line 773]
Event: 2.454 Thread 0x000002758b84a800 Implicit null exception at 0x0000027596d1af2c to 0x0000027596d1b0da
Event: 2.507 Thread 0x000002758b84a800 Exception <a 'java/lang/NoSuchMethodError'{0x0000000088133570}: 'void java.lang.invoke.DirectMethodHandle$Holder.invokeStatic(java.lang.Object, java.lang.Object, java.lang.Object, java.lang.Object)'> (0x0000000088133570) thrown at [./src/hotspot/share/interpreter/linkResolver.cpp, line 773]
Event: 2.535 Thread 0x000002758b84a800 Exception <a 'java/lang/NoSuchMethodError'{0x0000000088081ba8}: 'void java.lang.invoke.DirectMethodHandle$Holder.invokeSpecial(java.lang.Object, java.lang.Object)'> (0x0000000088081ba8) thrown at [./src/hotspot/share/interpreter/linkResolver.cpp, line 773]
Event: 2.608 Thread 0x000002758b84a800 Exception <a 'java/lang/NoSuchMethodError'{0x0000000087d29818}: 'void java.lang.invoke.DirectMethodHandle$Holder.invokeStaticInit(java.lang.Object, java.lang.Object)'> (0x0000000087d29818) thrown at [./src/hotspot/share/interpreter/linkResolver.cpp, line 773]
Event: 2.622 Thread 0x000002758b84a800 Exception <a 'java/lang/NoSuchMethodError'{0x0000000087d67bf0}: 'void java.lang.invoke.DirectMethodHandle$Holder.invokeInterface(java.lang.Object, java.lang.Object)'> (0x0000000087d67bf0) thrown at [./src/hotspot/share/interpreter/linkResolver.cpp, line 773]
Event: 2.816 Thread 0x000002758b84a800 Exception <a 'java/lang/NoSuchMethodError'{0x00000000878a9da8}: 'void java.lang.invoke.DirectMethodHandle$Holder.invokeVirtual(java.lang.Object, java.lang.Object)'> (0x00000000878a9da8) thrown at [./src/hotspot/share/interpreter/linkResolver.cpp, line 773]
Event: 2.830 Thread 0x000002758b84a800 Exception <a 'java/lang/NoSuchMethodError'{0x0000000087722018}: 'int java.lang.invoke.DirectMethodHandle$Holder.invokeVirtual(java.lang.Object, java.lang.Object)'> (0x0000000087722018) thrown at [./src/hotspot/share/interpreter/linkResolver.cpp, line 773]
Event: 3.558 Thread 0x000002758b84a800 Implicit null exception at 0x0000027596cf5574 to 0x0000027596cf578c
Event: 3.560 Thread 0x000002758b84a800 Implicit null exception at 0x0000027596cedc5e to 0x0000027596cee3ca
Event: 3.560 Thread 0x000002758b84a800 Implicit null exception at 0x0000027596d0a02f to 0x0000027596d0a09d
Event: 4.120 Thread 0x000002758b84a800 Exception <a 'java/lang/NoSuchMethodError'{0x0000000089300c98}: 'java.lang.Object java.lang.invoke.DirectMethodHandle$Holder.invokeVirtual(java.lang.Object, java.lang.Object, java.lang.Object)'> (0x0000000089300c98) thrown at [./src/hotspot/share/interpreter/linkResolver.cpp, line 773]
Event: 5.136 Thread 0x000002758b84a800 Exception <a 'java/lang/NoSuchMethodError'{0x0000000086a8ce88}: 'java.lang.Object java.lang.invoke.Invokers$Holder.linkToTargetMethod(java.lang.Object, int, java.lang.Object)'> (0x0000000086a8ce88) thrown at [./src/hotspot/share/interpreter/linkResolver.cpp, line 773]
Event: 5.612 Thread 0x000002758b84a800 Exception <a 'java/lang/NoSuchMethodError'{0x00000000866e3558}: 'java.lang.Object java.lang.invoke.DirectMethodHandle$Holder.invokeStatic(java.lang.Object, java.lang.Object, java.lang.Object, int)'> (0x00000000866e3558) thrown at [./src/hotspot/share/interpreter/linkResolver.cpp, line 773]
Event: 5.612 Thread 0x000002758b84a800 Exception <a 'java/lang/NoSuchMethodError'{0x00000000866e71c8}: 'java.lang.Object java.lang.invoke.DirectMethodHandle$Holder.invokeSpecial(java.lang.Object, java.lang.Object, java.lang.Object, java.lang.Object, int)'> (0x00000000866e71c8) thrown at [./src/hotspot/share/interpreter/linkResolver.cpp, line 773]
Event: 5.612 Thread 0x000002758b84a800 Exception <a 'java/lang/NoSuchMethodError'{0x00000000866ea4d8}: 'java.lang.Object java.lang.invoke.Invokers$Holder.linkToTargetMethod(java.lang.Object, java.lang.Object, int, java.lang.Object)'> (0x00000000866ea4d8) thrown at [./src/hotspot/share/interpreter/linkResolver.cpp, line 773]

Events (20 events):
Event: 5.895 loading class org/jetbrains/kotlin/load/java/lazy/descriptors/LazyJavaPackageFragment$partToFacade$2
Event: 5.895 loading class org/jetbrains/kotlin/load/java/lazy/descriptors/LazyJavaPackageFragment$partToFacade$2 done
Event: 5.897 loading class org/jetbrains/kotlin/cli/jvm/compiler/CliVirtualFileFinder$findClass$1
Event: 5.897 loading class org/jetbrains/kotlin/cli/jvm/compiler/CliVirtualFileFinder$findClass$1 done
Event: 5.897 loading class org/jetbrains/kotlin/cli/jvm/index/JvmDependenciesDynamicCompoundIndex$findClass$1$1
Event: 5.897 loading class org/jetbrains/kotlin/cli/jvm/index/JvmDependenciesDynamicCompoundIndex$findClass$1$1 done
Event: 5.899 loading class org/jetbrains/kotlin/cli/jvm/index/JvmDependenciesIndexImpl$SearchResult$Found
Event: 5.899 loading class org/jetbrains/kotlin/cli/jvm/index/JvmDependenciesIndexImpl$SearchResult$Found done
Event: 5.899 loading class org/jetbrains/kotlin/cli/jvm/index/JvmDependenciesIndexImpl$SearchResult
Event: 5.899 loading class org/jetbrains/kotlin/cli/jvm/index/JvmDependenciesIndexImpl$SearchResult done
Event: 5.912 loading class org/jetbrains/kotlin/resolve/jvm/multiplatform/OptionalAnnotationClassDataFinder
Event: 5.912 loading class org/jetbrains/kotlin/resolve/jvm/multiplatform/OptionalAnnotationClassDataFinder done
Event: 5.913 loading class org/jetbrains/kotlin/resolve/jvm/multiplatform/OptionalAnnotationPackageFragmentProvider$packages$2$1$components$1
Event: 5.913 loading class org/jetbrains/kotlin/resolve/jvm/multiplatform/OptionalAnnotationPackageFragmentProvider$packages$2$1$components$1 done
Event: 5.915 loading class org/jetbrains/kotlin/resolve/jvm/multiplatform/OptionalAnnotationPackageFragmentProvider$packages$2$1$classDescriptors$1
Event: 5.915 loading class org/jetbrains/kotlin/resolve/jvm/multiplatform/OptionalAnnotationPackageFragmentProvider$packages$2$1$classDescriptors$1 done
Event: 5.916 loading class org/jetbrains/kotlin/resolve/jvm/multiplatform/PackageFragmentForOptionalAnnotations
Event: 5.916 loading class org/jetbrains/kotlin/resolve/jvm/multiplatform/PackageFragmentForOptionalAnnotations done
Event: 5.916 loading class org/jetbrains/kotlin/resolve/jvm/multiplatform/PackageFragmentForOptionalAnnotations$scope$1
Event: 5.916 loading class org/jetbrains/kotlin/resolve/jvm/multiplatform/PackageFragmentForOptionalAnnotations$scope$1 done


Dynamic libraries:
0x00007ff797380000 - 0x00007ff79738a000 	C:\Program Files\Android\Android Studio\jre\bin\java.exe
0x00007fffda490000 - 0x00007fffda685000 	C:\WINDOWS\SYSTEM32\ntdll.dll
0x00007fffd9190000 - 0x00007fffd924d000 	C:\WINDOWS\System32\KERNEL32.DLL
0x00007fffd7d40000 - 0x00007fffd8009000 	C:\WINDOWS\System32\KERNELBASE.dll
0x00007fffd8010000 - 0x00007fffd8110000 	C:\WINDOWS\System32\ucrtbase.dll
0x00007fffd2e20000 - 0x00007fffd2e39000 	C:\Program Files\Android\Android Studio\jre\bin\jli.dll
0x00007fffd2de0000 - 0x00007fffd2df7000 	C:\Program Files\Android\Android Studio\jre\bin\VCRUNTIME140.dll
0x00007fffd93f0000 - 0x00007fffd9590000 	C:\WINDOWS\System32\USER32.dll
0x00007fffd8490000 - 0x00007fffd84b2000 	C:\WINDOWS\System32\win32u.dll
0x00007fffc47f0000 - 0x00007fffc4a8a000 	C:\WINDOWS\WinSxS\amd64_microsoft.windows.common-controls_6595b64144ccf1df_6.0.19041.1110_none_60b5254171f9507e\COMCTL32.dll
0x00007fffd9670000 - 0x00007fffd969a000 	C:\WINDOWS\System32\GDI32.dll
0x00007fffd9250000 - 0x00007fffd92ee000 	C:\WINDOWS\System32\msvcrt.dll
0x00007fffd8270000 - 0x00007fffd837b000 	C:\WINDOWS\System32\gdi32full.dll
0x00007fffd7bc0000 - 0x00007fffd7c5d000 	C:\WINDOWS\System32\msvcp_win.dll
0x00007fffd8b60000 - 0x00007fffd8b90000 	C:\WINDOWS\System32\IMM32.DLL
0x00007fffc97c0000 - 0x00007fffc985d000 	C:\Program Files\Android\Android Studio\jre\bin\msvcp140.dll
0x00007fffac700000 - 0x00007fffad1bc000 	C:\Program Files\Android\Android Studio\jre\bin\server\jvm.dll
0x00007fffd8b90000 - 0x00007fffd8c3c000 	C:\WINDOWS\System32\ADVAPI32.dll
0x00007fffda2d0000 - 0x00007fffda36b000 	C:\WINDOWS\System32\sechost.dll
0x00007fffd88e0000 - 0x00007fffd8a0a000 	C:\WINDOWS\System32\RPCRT4.dll
0x00007fffd9590000 - 0x00007fffd9598000 	C:\WINDOWS\System32\PSAPI.DLL
0x00007fffd2860000 - 0x00007fffd2869000 	C:\WINDOWS\SYSTEM32\WSOCK32.dll
0x00007fffcab50000 - 0x00007fffcab77000 	C:\WINDOWS\SYSTEM32\WINMM.dll
0x00007fffcc740000 - 0x00007fffcc74a000 	C:\WINDOWS\SYSTEM32\VERSION.dll
0x00007fffd8af0000 - 0x00007fffd8b5b000 	C:\WINDOWS\System32\WS2_32.dll
0x00007fffd59f0000 - 0x00007fffd5a02000 	C:\WINDOWS\SYSTEM32\kernel.appcore.dll
0x00007fffd2830000 - 0x00007fffd2841000 	C:\Program Files\Android\Android Studio\jre\bin\verify.dll
0x00007fffcf260000 - 0x00007fffcf444000 	C:\WINDOWS\SYSTEM32\DBGHELP.DLL
0x00007fffcaf00000 - 0x00007fffcaf2c000 	C:\WINDOWS\SYSTEM32\dbgcore.DLL
0x00007fffd7c60000 - 0x00007fffd7ce3000 	C:\WINDOWS\System32\bcryptPrimitives.dll
0x00007fffd1250000 - 0x00007fffd1279000 	C:\Program Files\Android\Android Studio\jre\bin\java.dll
0x00007fffd2580000 - 0x00007fffd258b000 	C:\Program Files\Android\Android Studio\jre\bin\jimage.dll
0x00007fffd1230000 - 0x00007fffd1248000 	C:\Program Files\Android\Android Studio\jre\bin\zip.dll
0x00007fffd9b30000 - 0x00007fffda26f000 	C:\WINDOWS\System32\SHELL32.dll
0x00007fffd5cd0000 - 0x00007fffd6460000 	C:\WINDOWS\SYSTEM32\windows.storage.dll
0x00007fffd96a0000 - 0x00007fffd99f5000 	C:\WINDOWS\System32\combase.dll
0x00007fffd7620000 - 0x00007fffd764c000 	C:\WINDOWS\SYSTEM32\Wldp.dll
0x00007fffd8c60000 - 0x00007fffd8d0e000 	C:\WINDOWS\System32\SHCORE.dll
0x00007fffda270000 - 0x00007fffda2c5000 	C:\WINDOWS\System32\shlwapi.dll
0x00007fffd7b00000 - 0x00007fffd7b1f000 	C:\WINDOWS\SYSTEM32\profapi.dll
0x00007fffd0aa0000 - 0x00007fffd0aba000 	C:\Program Files\Android\Android Studio\jre\bin\net.dll
0x00007fffcb900000 - 0x00007fffcba08000 	C:\WINDOWS\SYSTEM32\WINHTTP.dll
0x00007fffd7380000 - 0x00007fffd73ea000 	C:\WINDOWS\system32\mswsock.dll
0x00007fffcb050000 - 0x00007fffcb064000 	C:\Program Files\Android\Android Studio\jre\bin\nio.dll

dbghelp: loaded successfully - version: 4.0.5 - missing functions: none
symbol engine: initialized successfully - sym options: 0x614 - pdb path: .;C:\Program Files\Android\Android Studio\jre\bin;C:\WINDOWS\SYSTEM32;C:\WINDOWS\WinSxS\amd64_microsoft.windows.common-controls_6595b64144ccf1df_6.0.19041.1110_none_60b5254171f9507e;C:\Program Files\Android\Android Studio\jre\bin\server

VM Arguments:
java_command: org.jetbrains.kotlin.cli.jvm.K2JVMCompiler @D:\Development\GitHub\MVVM kotlin\TheMovie\app\build\20210914_669036442269272906.compiler.options
java_class_path (initial): C:\Users\rafae\.gradle\caches\modules-2\files-2.1\org.jetbrains.kotlin\kotlin-compiler-embeddable\1.5.30\3362a354066df1578a057c200da23cf2a1d8144f\kotlin-compiler-embeddable-1.5.30.jar;C:\Users\rafae\.gradle\caches\modules-2\files-2.1\org.jetbrains.kotlin\kotlin-reflect\1.5.30\6773e974437dd6432aa646cc2f8ab71de42b5773\kotlin-reflect-1.5.30.jar;C:\Users\rafae\.gradle\caches\modules-2\files-2.1\org.jetbrains.kotlin\kotlin-stdlib\1.5.30\d68efdea04955974ac1020f8f66ef8176bfbce1f\kotlin-stdlib-1.5.30.jar;C:\Users\rafae\.gradle\caches\modules-2\files-2.1\org.jetbrains.kotlin\kotlin-script-runtime\1.5.30\10697ab20bfd2f1b23baa91306950c36c4e89a8d\kotlin-script-runtime-1.5.30.jar;C:\Users\rafae\.gradle\caches\modules-2\files-2.1\org.jetbrains.kotlin\kotlin-daemon-embeddable\1.5.30\e355dc9011e559a475608265607948109e113ae0\kotlin-daemon-embeddable-1.5.30.jar;C:\Users\rafae\.gradle\caches\modules-2\files-2.1\org.jetbrains.intellij.deps\trove4j\1.0.20181211\216c2e14b070f334479d800987affe4054cd563f\trove4j-1.0.20181211.jar;C:\Users\rafae\.gradle\caches\modules-2\files-2.1\org.jetbrains\annotations\13.0\919f0dfe192fb4e063e7dacadee7f8bb9a2672a9\annotations-13.0.jar;C:\Users\rafae\.gradle\caches\modules-2\files-2.1\org.jetbrains.kotlin\kotlin-stdlib-common\1.5.30\649ffab7767038323fec0cc41e2d7b0a8f65a378\kotlin-stdlib-common-1.5.30.jar
Launcher Type: SUN_STANDARD

[Global flags]
     intx CICompilerCount                          = 3                                         {product} {ergonomic}
     uint ConcGCThreads                            = 1                                         {product} {ergonomic}
     uint G1ConcRefinementThreads                  = 4                                         {product} {ergonomic}
   size_t G1HeapRegionSize                         = 1048576                                   {product} {ergonomic}
    uintx GCDrainStackTargetSize                   = 64                                        {product} {ergonomic}
   size_t InitialHeapSize                          = 134217728                                 {product} {ergonomic}
   size_t MarkStackSize                            = 4194304                                   {product} {ergonomic}
   size_t MaxHeapSize                              = 2126512128                                {product} {ergonomic}
   size_t MaxNewSize                               = 1275068416                                {product} {ergonomic}
   size_t MinHeapDeltaBytes                        = 1048576                                   {product} {ergonomic}
    uintx NonNMethodCodeHeapSize                   = 5830732                                {pd product} {ergonomic}
    uintx NonProfiledCodeHeapSize                  = 122913754                              {pd product} {ergonomic}
    uintx ProfiledCodeHeapSize                     = 122913754                              {pd product} {ergonomic}
    uintx ReservedCodeCacheSize                    = 251658240                              {pd product} {ergonomic}
     bool SegmentedCodeCache                       = true                                      {product} {ergonomic}
     bool UseCompressedClassPointers               = true                                 {lp64_product} {ergonomic}
     bool UseCompressedOops                        = true                                 {lp64_product} {ergonomic}
     bool UseG1GC                                  = true                                      {product} {ergonomic}
     bool UseLargePagesIndividualAllocation        = false                                  {pd product} {ergonomic}

Logging:
Log output configuration:
 #0: stdout all=warning uptime,level,tags
 #1: stderr all=off uptime,level,tags

Environment Variables:
JAVA_HOME=C:\Program Files\Java\jdk-16.0.1\jre
PATH=C:\WINDOWS\system32;C:\WINDOWS;C:\WINDOWS\System32\Wbem;C:\WINDOWS\System32\WindowsPowerShell\v1.0\;C:\WINDOWS\System32\OpenSSH\;C:\Program Files\Java\jdk-16\bin;C:\Program Files\Git\cmd;C:\Program Files\dotnet\;C:\Users\rafae\AppData\Local\Microsoft\WindowsApps;C:\Program Files\JetBrains\IntelliJ IDEA Community Edition 2021.1\bin;;C:\Users\rafae\AppData\Local\GitHubDesktop\bin
USERNAME=Rafael
OS=Windows_NT
PROCESSOR_IDENTIFIER=Intel64 Family 6 Model 61 Stepping 4, GenuineIntel



---------------  S Y S T E M  ---------------

OS: Windows 10 , 64 bit Build 19041 (10.0.19041.1151)
OS uptime: 2 days 6:27 hours

CPU:total 4 (initial active 4) (2 cores per cpu, 2 threads per core) family 6 model 61 stepping 4, cmov, cx8, fxsr, mmx, sse, sse2, sse3, ssse3, sse4.1, sse4.2, popcnt, avx, avx2, aes, clmul, erms, 3dnowpref, lzcnt, ht, tsc, tscinvbit, bmi1, bmi2, adx, fma

Memory: 4k page, system-wide physical 8106M (1008M free)
TotalPageFile size 8106M (AvailPageFile size 6M)
current process WorkingSet (physical memory assigned to process): 258M, peak: 262M
current process commit charge ("private bytes"): 335M, peak: 337M

vm_info: OpenJDK 64-Bit Server VM (11.0.8+10-b944.6842174) for windows-amd64 JRE (11.0.8+10-b944.6842174), built on Sep 19 2020 01:11:42 by "builder" with MS VC++ 14.0 (VS2015)

END.
